{
  "stats": {
    "suites": 5,
    "tests": 10,
    "passes": 10,
    "pending": 0,
    "failures": 0,
    "testsRegistered": 10,
    "passPercent": 100,
    "pendingPercent": 0,
    "other": 0,
    "hasOther": false,
    "skipped": 0,
    "hasSkipped": false,
    "start": "2024-02-02T05:22:28.004Z",
    "end": "2024-02-02T05:23:02.611Z",
    "duration": 34607
  },
  "results": [
    {
      "uuid": "b2e3556c-e0ad-4c69-a17c-fc33f8b4a3af",
      "title": "",
      "fullFile": "cypress/e2e/dialog/dialogResult.cy.js",
      "file": "cypress/e2e/dialog/dialogResult.cy.js",
      "beforeHooks": [],
      "afterHooks": [],
      "tests": [],
      "suites": [
        {
          "uuid": "5ba8da47-1165-454e-95ec-3abd2cdbf764",
          "title": "stepper page",
          "fullFile": "",
          "file": "",
          "beforeHooks": [],
          "afterHooks": [],
          "tests": [
            {
              "title": "should have modal window with header, input field and buttons",
              "fullTitle": "stepper page should have modal window with header, input field and buttons",
              "timedOut": null,
              "duration": 2062,
              "state": "passed",
              "speed": "fast",
              "pass": true,
              "fail": false,
              "pending": false,
              "context": null,
              "code": "cy.get('nb-card-body.result-from-dialog button').should('contain', 'Enter Name').click();\ncy.get('ngx-dialog-name-prompt').should('be.visible');\ncy.get('ngx-dialog-name-prompt nb-card-header').should('have.text', 'Enter your name');\ncy.get('ngx-dialog-name-prompt nb-card-body').should('be.visible');\ncy.get('ngx-dialog-name-prompt nb-card-footer button[status=\"danger\"] ').should('contain', 'Cancel');\ncy.get('ngx-dialog-name-prompt nb-card-footer button[status=\"success\"] ').should('contain', 'Submit');",
              "err": {},
              "uuid": "adb70068-ced6-4a6c-beef-c228991c9677",
              "parentUUID": "5ba8da47-1165-454e-95ec-3abd2cdbf764",
              "isHook": false,
              "skipped": false
            }
          ],
          "suites": [],
          "passes": [
            "adb70068-ced6-4a6c-beef-c228991c9677"
          ],
          "failures": [],
          "pending": [],
          "skipped": [],
          "duration": 2062,
          "root": false,
          "rootEmpty": false,
          "_timeout": 2000
        }
      ],
      "passes": [],
      "failures": [],
      "pending": [],
      "skipped": [],
      "duration": 0,
      "root": true,
      "rootEmpty": true,
      "_timeout": 2000
    },
    {
      "uuid": "3f6e7ba3-1ee2-40d9-a04d-ce64cc553233",
      "title": "",
      "fullFile": "cypress/e2e/homework15/login.cy.js",
      "file": "cypress/e2e/homework15/login.cy.js",
      "beforeHooks": [],
      "afterHooks": [],
      "tests": [],
      "suites": [
        {
          "uuid": "950f921f-e5bf-427c-8115-d1f4882b1779",
          "title": "login page",
          "fullFile": "",
          "file": "",
          "beforeHooks": [],
          "afterHooks": [],
          "tests": [
            {
              "title": "should enter email, password and click checkbox,then verify login",
              "fullTitle": "login page should enter email, password and click checkbox,then verify login",
              "timedOut": null,
              "duration": 6933,
              "state": "passed",
              "speed": "medium",
              "pass": true,
              "fail": false,
              "pending": false,
              "context": null,
              "code": "cy.login('aklachun77@gmail.com', 'dragon2024');\ncy.get('.main-content').should('be.visible');",
              "err": {},
              "uuid": "37e1e7b9-d9b6-4642-b7f3-7e04190c6d67",
              "parentUUID": "950f921f-e5bf-427c-8115-d1f4882b1779",
              "isHook": false,
              "skipped": false
            }
          ],
          "suites": [],
          "passes": [
            "37e1e7b9-d9b6-4642-b7f3-7e04190c6d67"
          ],
          "failures": [],
          "pending": [],
          "skipped": [],
          "duration": 6933,
          "root": false,
          "rootEmpty": false,
          "_timeout": 2000
        }
      ],
      "passes": [],
      "failures": [],
      "pending": [],
      "skipped": [],
      "duration": 0,
      "root": true,
      "rootEmpty": true,
      "_timeout": 2000
    },
    {
      "uuid": "85b6b745-5028-4cca-a374-64133aa8eda1",
      "title": "",
      "fullFile": "cypress/e2e/homework15/smartTable.cy.js",
      "file": "cypress/e2e/homework15/smartTable.cy.js",
      "beforeHooks": [],
      "afterHooks": [],
      "tests": [],
      "suites": [
        {
          "uuid": "dea15167-f6ba-4b92-939e-d0f0faaa613f",
          "title": "stepper page",
          "fullFile": "",
          "file": "",
          "beforeHooks": [],
          "afterHooks": [],
          "tests": [
            {
              "title": "should create new user, update and check if changes visible",
              "fullTitle": "stepper page should create new user, update and check if changes visible",
              "timedOut": null,
              "duration": 4472,
              "state": "passed",
              "speed": "fast",
              "pass": true,
              "fail": false,
              "pending": false,
              "context": null,
              "code": "cy.get('th i ').click();\ncy.addUserToTable('12345', 'Anastasiia', 'Klachun', 'kasta.l', 'aklachun77@gmail.com', '23');\ncy.get('.nb-checkmark').click();\ncy.get('ng2-st-tbody-edit-delete > .ng2-smart-action-edit-edit > .nb-edit').first().click();\ncy.get('table-cell-default-editor input[placeholder=\"ID\"]').clear().type('123123123');\ncy.get('.nb-checkmark').click();\ncy.get('ng2-smart-table-cell ').first().should('contain', '123123123');",
              "err": {},
              "uuid": "e5353889-089f-4b08-896e-91647c790c60",
              "parentUUID": "dea15167-f6ba-4b92-939e-d0f0faaa613f",
              "isHook": false,
              "skipped": false
            }
          ],
          "suites": [],
          "passes": [
            "e5353889-089f-4b08-896e-91647c790c60"
          ],
          "failures": [],
          "pending": [],
          "skipped": [],
          "duration": 4472,
          "root": false,
          "rootEmpty": false,
          "_timeout": 2000
        }
      ],
      "passes": [],
      "failures": [],
      "pending": [],
      "skipped": [],
      "duration": 0,
      "root": true,
      "rootEmpty": true,
      "_timeout": 2000
    },
    {
      "uuid": "197acb3b-4b4a-4fb1-a4b0-14406e4836b4",
      "title": "",
      "fullFile": "cypress/e2e/homework16/inputValidation.cy.js",
      "file": "cypress/e2e/homework16/inputValidation.cy.js",
      "beforeHooks": [],
      "afterHooks": [],
      "tests": [],
      "suites": [
        {
          "uuid": "8c778922-7edf-4504-b72b-641fff659471",
          "title": "login page input validation",
          "fullFile": "",
          "file": "",
          "beforeHooks": [],
          "afterHooks": [],
          "tests": [
            {
              "title": "should check name input negative",
              "fullTitle": "login page input validation should check name input negative",
              "timedOut": null,
              "duration": 1741,
              "state": "passed",
              "speed": "fast",
              "pass": true,
              "fail": false,
              "pending": false,
              "context": null,
              "code": "cy.get('#input-name').type(1);\ncy.get('#input-email').type('aklachun77a@gmail.com');\ncy.get('.caption').should('have.text', ' Full name should contains from 4 to 50 characters ');",
              "err": {},
              "uuid": "ad7c8d4d-dc5e-484b-8502-a7f64473d3db",
              "parentUUID": "8c778922-7edf-4504-b72b-641fff659471",
              "isHook": false,
              "skipped": false
            },
            {
              "title": "should check name input positive",
              "fullTitle": "login page input validation should check name input positive",
              "timedOut": null,
              "duration": 2159,
              "state": "passed",
              "speed": "fast",
              "pass": true,
              "fail": false,
              "pending": false,
              "context": null,
              "code": "cy.get('#input-name').type(12345);\ncy.get('#input-email').type('aklachun77a@gmail.com');\ncy.get('.caption').should('not.exist');",
              "err": {},
              "uuid": "02bcc938-d1bf-4d74-a8c3-02e225fc68ff",
              "parentUUID": "8c778922-7edf-4504-b72b-641fff659471",
              "isHook": false,
              "skipped": false
            },
            {
              "title": "should check email input positive",
              "fullTitle": "login page input validation should check email input positive",
              "timedOut": null,
              "duration": 1393,
              "state": "passed",
              "speed": "fast",
              "pass": true,
              "fail": false,
              "pending": false,
              "context": null,
              "code": "cy.get('#input-email').type('aklachun77a@gmail.com');\ncy.get('#input-name').type(12345);\ncy.get('.caption').should('not.exist');",
              "err": {},
              "uuid": "8b0a249a-92e4-4c19-8e62-980d488f180d",
              "parentUUID": "8c778922-7edf-4504-b72b-641fff659471",
              "isHook": false,
              "skipped": false
            },
            {
              "title": "should check email input negative",
              "fullTitle": "login page input validation should check email input negative",
              "timedOut": null,
              "duration": 1969,
              "state": "passed",
              "speed": "fast",
              "pass": true,
              "fail": false,
              "pending": false,
              "context": null,
              "code": "cy.get('#input-email').type('aklachun');\ncy.get('#input-name').type(12345);\ncy.get('.caption').should('have.text', ' Email should be the real one! ');",
              "err": {},
              "uuid": "cc402de5-679a-454d-ba9d-e03766806ba6",
              "parentUUID": "8c778922-7edf-4504-b72b-641fff659471",
              "isHook": false,
              "skipped": false
            },
            {
              "title": "should check password input negative",
              "fullTitle": "login page input validation should check password input negative",
              "timedOut": null,
              "duration": 1656,
              "state": "passed",
              "speed": "fast",
              "pass": true,
              "fail": false,
              "pending": false,
              "context": null,
              "code": "cy.get('#input-password').click();\ncy.get('#input-name').type(12345);\ncy.get('.caption').should('have.text', ' Password is required! ');",
              "err": {},
              "uuid": "78b1ea85-6040-4bf9-8863-944cef2de59c",
              "parentUUID": "8c778922-7edf-4504-b72b-641fff659471",
              "isHook": false,
              "skipped": false
            },
            {
              "title": "should check password repeat input negative",
              "fullTitle": "login page input validation should check password repeat input negative",
              "timedOut": null,
              "duration": 1611,
              "state": "passed",
              "speed": "fast",
              "pass": true,
              "fail": false,
              "pending": false,
              "context": null,
              "code": "cy.get('#input-re-password').click();\ncy.get('#input-name').type(12345);\ncy.get('.caption').should('have.text', ' Password confirmation is required! ');",
              "err": {},
              "uuid": "27c8e801-e04a-42ed-a015-80d217898bf3",
              "parentUUID": "8c778922-7edf-4504-b72b-641fff659471",
              "isHook": false,
              "skipped": false
            }
          ],
          "suites": [],
          "passes": [
            "ad7c8d4d-dc5e-484b-8502-a7f64473d3db",
            "02bcc938-d1bf-4d74-a8c3-02e225fc68ff",
            "8b0a249a-92e4-4c19-8e62-980d488f180d",
            "cc402de5-679a-454d-ba9d-e03766806ba6",
            "78b1ea85-6040-4bf9-8863-944cef2de59c",
            "27c8e801-e04a-42ed-a015-80d217898bf3"
          ],
          "failures": [],
          "pending": [],
          "skipped": [],
          "duration": 10529,
          "root": false,
          "rootEmpty": false,
          "_timeout": 2000
        }
      ],
      "passes": [],
      "failures": [],
      "pending": [],
      "skipped": [],
      "duration": 0,
      "root": true,
      "rootEmpty": true,
      "_timeout": 2000
    },
    {
      "uuid": "ddb0d7e1-432b-4dfd-b038-e7ac69ea25dc",
      "title": "",
      "fullFile": "cypress/e2e/example.cy.mjs",
      "file": "cypress/e2e/example.cy.mjs",
      "beforeHooks": [],
      "afterHooks": [],
      "tests": [],
      "suites": [
        {
          "uuid": "8ab833b2-ffb7-4650-aebf-146fc3f76196",
          "title": "stepper",
          "fullFile": "",
          "file": "",
          "beforeHooks": [],
          "afterHooks": [],
          "tests": [
            {
              "title": "should have correct titles",
              "fullTitle": "stepper should have correct titles",
              "timedOut": null,
              "duration": 4580,
              "state": "passed",
              "speed": "fast",
              "pass": true,
              "fail": false,
              "pending": false,
              "context": null,
              "code": "const page = new _stepperPage.StepperPage();\npage.visit();\npage.stepTitle().should('have.text', 'Step content #1');\npage.nextBtn().click();\nconst listPage = new _listPage.ListPage();\nlistPage.visit();",
              "err": {},
              "uuid": "deb6525c-9e19-48f8-9ce6-de9772969a5e",
              "parentUUID": "8ab833b2-ffb7-4650-aebf-146fc3f76196",
              "isHook": false,
              "skipped": false
            }
          ],
          "suites": [],
          "passes": [
            "deb6525c-9e19-48f8-9ce6-de9772969a5e"
          ],
          "failures": [],
          "pending": [],
          "skipped": [],
          "duration": 4580,
          "root": false,
          "rootEmpty": false,
          "_timeout": 2000
        }
      ],
      "passes": [],
      "failures": [],
      "pending": [],
      "skipped": [],
      "duration": 0,
      "root": true,
      "rootEmpty": true,
      "_timeout": 2000
    }
  ],
  "meta": {
    "mocha": {
      "version": "7.0.1"
    },
    "mochawesome": {
      "options": {
        "quiet": false,
        "reportFilename": "mochawesome",
        "saveHtml": false,
        "saveJson": true,
        "consoleReporter": "spec",
        "useInlineDiffs": false,
        "code": true
      },
      "version": "7.1.3"
    },
    "marge": {
      "options": {
        "overwrire": false,
        "html": false,
        "json": true,
        "reportDir": "cypress/results",
        "overwrite": false
      },
      "version": "6.2.0"
    }
  }
}