{
  "stats": {
    "suites": 1,
    "tests": 1,
    "passes": 1,
    "pending": 0,
    "failures": 0,
    "start": "2024-02-02T05:22:38.457Z",
    "end": "2024-02-02T05:22:45.631Z",
    "duration": 7174,
    "testsRegistered": 1,
    "passPercent": 100,
    "pendingPercent": 0,
    "other": 0,
    "hasOther": false,
    "skipped": 0,
    "hasSkipped": false
  },
  "results": [
    {
      "uuid": "3f6e7ba3-1ee2-40d9-a04d-ce64cc553233",
      "title": "",
      "fullFile": "cypress/e2e/homework15/login.cy.js",
      "file": "cypress/e2e/homework15/login.cy.js",
      "beforeHooks": [],
      "afterHooks": [],
      "tests": [],
      "suites": [
        {
          "uuid": "950f921f-e5bf-427c-8115-d1f4882b1779",
          "title": "login page",
          "fullFile": "",
          "file": "",
          "beforeHooks": [],
          "afterHooks": [],
          "tests": [
            {
              "title": "should enter email, password and click checkbox,then verify login",
              "fullTitle": "login page should enter email, password and click checkbox,then verify login",
              "timedOut": null,
              "duration": 6933,
              "state": "passed",
              "speed": "medium",
              "pass": true,
              "fail": false,
              "pending": false,
              "context": null,
              "code": "cy.login('aklachun77@gmail.com', 'dragon2024');\ncy.get('.main-content').should('be.visible');",
              "err": {},
              "uuid": "37e1e7b9-d9b6-4642-b7f3-7e04190c6d67",
              "parentUUID": "950f921f-e5bf-427c-8115-d1f4882b1779",
              "isHook": false,
              "skipped": false
            }
          ],
          "suites": [],
          "passes": [
            "37e1e7b9-d9b6-4642-b7f3-7e04190c6d67"
          ],
          "failures": [],
          "pending": [],
          "skipped": [],
          "duration": 6933,
          "root": false,
          "rootEmpty": false,
          "_timeout": 2000
        }
      ],
      "passes": [],
      "failures": [],
      "pending": [],
      "skipped": [],
      "duration": 0,
      "root": true,
      "rootEmpty": true,
      "_timeout": 2000
    }
  ],
  "meta": {
    "mocha": {
      "version": "7.0.1"
    },
    "mochawesome": {
      "options": {
        "quiet": false,
        "reportFilename": "mochawesome",
        "saveHtml": false,
        "saveJson": true,
        "consoleReporter": "spec",
        "useInlineDiffs": false,
        "code": true
      },
      "version": "7.1.3"
    },
    "marge": {
      "options": {
        "overwrire": false,
        "html": false,
        "json": true,
        "reportDir": "cypress/results",
        "overwrite": false
      },
      "version": "6.2.0"
    }
  }
}