{
  "stats": {
    "suites": 1,
    "tests": 1,
    "passes": 1,
    "pending": 0,
    "failures": 0,
    "start": "2024-02-02T05:22:28.004Z",
    "end": "2024-02-02T05:22:32.625Z",
    "duration": 4621,
    "testsRegistered": 1,
    "passPercent": 100,
    "pendingPercent": 0,
    "other": 0,
    "hasOther": false,
    "skipped": 0,
    "hasSkipped": false
  },
  "results": [
    {
      "uuid": "ddb0d7e1-432b-4dfd-b038-e7ac69ea25dc",
      "title": "",
      "fullFile": "cypress/e2e/example.cy.mjs",
      "file": "cypress/e2e/example.cy.mjs",
      "beforeHooks": [],
      "afterHooks": [],
      "tests": [],
      "suites": [
        {
          "uuid": "8ab833b2-ffb7-4650-aebf-146fc3f76196",
          "title": "stepper",
          "fullFile": "",
          "file": "",
          "beforeHooks": [],
          "afterHooks": [],
          "tests": [
            {
              "title": "should have correct titles",
              "fullTitle": "stepper should have correct titles",
              "timedOut": null,
              "duration": 4580,
              "state": "passed",
              "speed": "fast",
              "pass": true,
              "fail": false,
              "pending": false,
              "context": null,
              "code": "const page = new _stepperPage.StepperPage();\npage.visit();\npage.stepTitle().should('have.text', 'Step content #1');\npage.nextBtn().click();\nconst listPage = new _listPage.ListPage();\nlistPage.visit();",
              "err": {},
              "uuid": "deb6525c-9e19-48f8-9ce6-de9772969a5e",
              "parentUUID": "8ab833b2-ffb7-4650-aebf-146fc3f76196",
              "isHook": false,
              "skipped": false
            }
          ],
          "suites": [],
          "passes": [
            "deb6525c-9e19-48f8-9ce6-de9772969a5e"
          ],
          "failures": [],
          "pending": [],
          "skipped": [],
          "duration": 4580,
          "root": false,
          "rootEmpty": false,
          "_timeout": 2000
        }
      ],
      "passes": [],
      "failures": [],
      "pending": [],
      "skipped": [],
      "duration": 0,
      "root": true,
      "rootEmpty": true,
      "_timeout": 2000
    }
  ],
  "meta": {
    "mocha": {
      "version": "7.0.1"
    },
    "mochawesome": {
      "options": {
        "quiet": false,
        "reportFilename": "mochawesome",
        "saveHtml": false,
        "saveJson": true,
        "consoleReporter": "spec",
        "useInlineDiffs": false,
        "code": true
      },
      "version": "7.1.3"
    },
    "marge": {
      "options": {
        "overwrire": false,
        "html": false,
        "json": true,
        "reportDir": "cypress/results",
        "overwrite": false
      },
      "version": "6.2.0"
    }
  }
}