{
  "stats": {
    "suites": 1,
    "tests": 1,
    "passes": 1,
    "pending": 0,
    "failures": 0,
    "start": "2024-02-02T05:22:35.441Z",
    "end": "2024-02-02T05:22:37.562Z",
    "duration": 2121,
    "testsRegistered": 1,
    "passPercent": 100,
    "pendingPercent": 0,
    "other": 0,
    "hasOther": false,
    "skipped": 0,
    "hasSkipped": false
  },
  "results": [
    {
      "uuid": "b2e3556c-e0ad-4c69-a17c-fc33f8b4a3af",
      "title": "",
      "fullFile": "cypress/e2e/dialog/dialogResult.cy.js",
      "file": "cypress/e2e/dialog/dialogResult.cy.js",
      "beforeHooks": [],
      "afterHooks": [],
      "tests": [],
      "suites": [
        {
          "uuid": "5ba8da47-1165-454e-95ec-3abd2cdbf764",
          "title": "stepper page",
          "fullFile": "",
          "file": "",
          "beforeHooks": [],
          "afterHooks": [],
          "tests": [
            {
              "title": "should have modal window with header, input field and buttons",
              "fullTitle": "stepper page should have modal window with header, input field and buttons",
              "timedOut": null,
              "duration": 2062,
              "state": "passed",
              "speed": "fast",
              "pass": true,
              "fail": false,
              "pending": false,
              "context": null,
              "code": "cy.get('nb-card-body.result-from-dialog button').should('contain', 'Enter Name').click();\ncy.get('ngx-dialog-name-prompt').should('be.visible');\ncy.get('ngx-dialog-name-prompt nb-card-header').should('have.text', 'Enter your name');\ncy.get('ngx-dialog-name-prompt nb-card-body').should('be.visible');\ncy.get('ngx-dialog-name-prompt nb-card-footer button[status=\"danger\"] ').should('contain', 'Cancel');\ncy.get('ngx-dialog-name-prompt nb-card-footer button[status=\"success\"] ').should('contain', 'Submit');",
              "err": {},
              "uuid": "adb70068-ced6-4a6c-beef-c228991c9677",
              "parentUUID": "5ba8da47-1165-454e-95ec-3abd2cdbf764",
              "isHook": false,
              "skipped": false
            }
          ],
          "suites": [],
          "passes": [
            "adb70068-ced6-4a6c-beef-c228991c9677"
          ],
          "failures": [],
          "pending": [],
          "skipped": [],
          "duration": 2062,
          "root": false,
          "rootEmpty": false,
          "_timeout": 2000
        }
      ],
      "passes": [],
      "failures": [],
      "pending": [],
      "skipped": [],
      "duration": 0,
      "root": true,
      "rootEmpty": true,
      "_timeout": 2000
    }
  ],
  "meta": {
    "mocha": {
      "version": "7.0.1"
    },
    "mochawesome": {
      "options": {
        "quiet": false,
        "reportFilename": "mochawesome",
        "saveHtml": false,
        "saveJson": true,
        "consoleReporter": "spec",
        "useInlineDiffs": false,
        "code": true
      },
      "version": "7.1.3"
    },
    "marge": {
      "options": {
        "overwrire": false,
        "html": false,
        "json": true,
        "reportDir": "cypress/results",
        "overwrite": false
      },
      "version": "6.2.0"
    }
  }
}